<?xml version="1.0" encoding="UTF-8"?>
<!-- Generated by org.testng.reporters.JUnitReportReporter -->
<testsuite hostname="Lenovo-PC" failures="0" tests="1" name="tests.JSONSchemaValidator" time="3.633" errors="0" timestamp="2022-10-04T15:40:59 GMT-04:00" skipped="0">
  <testcase classname="tests.JSONSchemaValidator" name="testGet" time="3.633"/>
  <system-out/>
</testsuite> <!-- tests.JSONSchemaValidator -->
