<?xml version="1.0" encoding="UTF-8"?>
<!-- Generated by org.testng.reporters.JUnitReportReporter -->
<testsuite hostname="Lenovo-PC" failures="0" tests="1" name="tests.GetAndPostExample" time="3.223" errors="0" timestamp="2022-10-10T16:19:53 GMT-04:00" skipped="0">
  <testcase classname="tests.GetAndPostExample" name="testPost" time="3.223"/>
  <system-out/>
</testsuite> <!-- tests.GetAndPostExample -->
