<?xml version="1.0" encoding="UTF-8"?>
<!-- Generated by org.testng.reporters.JUnitReportReporter -->
<testsuite hostname="Lenovo-PC" failures="0" tests="2" name="tests.TestExamples" time="3.653" errors="0" timestamp="2022-09-30T16:24:43 GMT-04:00" skipped="0">
  <testcase classname="tests.TestExamples" name="test_two" time="1.099"/>
  <system-out/>
  <testcase classname="tests.TestExamples" name="test_one" time="2.554"/>
  <system-out/>
</testsuite> <!-- tests.TestExamples -->
