<?xml version="1.0" encoding="UTF-8"?>
<!-- Generated by org.testng.reporters.JUnitReportReporter -->
<testsuite hostname="Lenovo-PC" failures="0" tests="3" name="tests.PutPatchDeleteExamples" time="3.691" errors="0" timestamp="2022-09-30T17:46:27 GMT-04:00" skipped="0">
  <testcase classname="tests.PutPatchDeleteExamples" name="testDelete" time="2.863"/>
  <system-out/>
  <testcase classname="tests.PutPatchDeleteExamples" name="testPatch" time="0.504"/>
  <system-out/>
  <testcase classname="tests.PutPatchDeleteExamples" name="testPut" time="0.324"/>
  <system-out/>
</testsuite> <!-- tests.PutPatchDeleteExamples -->
