<?xml version="1.0" encoding="UTF-8"?>
<!-- Generated by org.testng.reporters.JUnitReportReporter -->
<testsuite hostname="Lenovo-PC" failures="0" tests="1" name="tests.SoapXMLRequest" time="4.225" errors="0" timestamp="2022-10-04T16:02:28 GMT-04:00" skipped="0">
  <testcase classname="tests.SoapXMLRequest" name="validateSoapXML" time="4.225"/>
  <system-out/>
</testsuite> <!-- tests.SoapXMLRequest -->
